<?xml version="1.0" encoding="UTF-8"?>
<!-- Generated by org.testng.reporters.JUnitXMLReporter -->
<testsuite ignored="0" hostname="DESKTOP-9LLI94A" failures="0" tests="14" name="Facebook App Testcases" time="114.079" errors="0" timestamp="2022-09-23T12:14:40 IST">
  <testcase classname="com.qa.testcases.SignupTestcase" name="SignupPageTitleTest" time="0.081"/>
  <testcase classname="com.qa.testcases.SignupTestcase" name="FirstnameTest" time="0.102"/>
  <testcase classname="com.qa.testcases.SignupTestcase" name="LastnameTest" time="0.055"/>
  <testcase classname="com.qa.testcases.SignupTestcase" name="EmailTest" time="0.052"/>
  <testcase classname="com.qa.testcases.SignupTestcase" name="PasswordTest" time="0.045"/>
  <testcase classname="com.qa.testcases.SignupTestcase" name="SignupbuttonTest" time="0.043"/>
  <testcase classname="com.qa.testcases.SignupTestcase" name="LoginpageTest" time="0.279"/>
  <testcase classname="com.qa.testcases.HomePageTest" name="SearchboxTest" time="0.347"/>
  <testcase classname="com.qa.testcases.HomePageTest" name="addpictureTest" time="0.047"/>
  <testcase classname="com.qa.testcases.LoginTestcase" name="loginPageTitleTest" time="0.013"/>
  <testcase classname="com.qa.testcases.LoginTestcase" name="FBLogoTest" time="0.041"/>
  <testcase classname="com.qa.testcases.LoginTestcase" name="FBemailTest" time="0.034"/>
  <testcase classname="com.qa.testcases.LoginTestcase" name="loginTest" time="3.614"/>
  <testcase classname="com.qa.testcases.LoginTestcase" name="registerTest" time="0.269"/>
</testsuite> <!-- Facebook App Testcases -->
