<?xml version="1.0" encoding="UTF-8"?>
<!-- Generated by org.testng.reporters.JUnitXMLReporter -->
<testsuite ignored="0" hostname="DESKTOP-9LLI94A" failures="0" tests="14" name="Test" time="118.411" errors="0" timestamp="2022-09-20T21:20:48 IST">
  <testcase classname="com.qa.testcases.SignupTestcase" name="SignupPageTitleTest" time="0.028"/>
  <testcase classname="com.qa.testcases.SignupTestcase" name="FirstnameTest" time="0.082"/>
  <testcase classname="com.qa.testcases.SignupTestcase" name="LastnameTest" time="0.061"/>
  <testcase classname="com.qa.testcases.SignupTestcase" name="EmailTest" time="0.055"/>
  <testcase classname="com.qa.testcases.SignupTestcase" name="PasswordTest" time="0.036"/>
  <testcase classname="com.qa.testcases.SignupTestcase" name="SignupbuttonTest" time="0.032"/>
  <testcase classname="com.qa.testcases.SignupTestcase" name="LoginpageTest" time="0.325"/>
  <testcase classname="com.qa.testcases.HomePageTest" name="SearchboxTest" time="0.436"/>
  <testcase classname="com.qa.testcases.HomePageTest" name="addpictureTest" time="0.398"/>
  <testcase classname="com.qa.testcases.LoginTestcase" name="loginPageTitleTest" time="0.003"/>
  <testcase classname="com.qa.testcases.LoginTestcase" name="FBLogoTest" time="0.06"/>
  <testcase classname="com.qa.testcases.LoginTestcase" name="FBemailTest" time="0.032"/>
  <testcase classname="com.qa.testcases.LoginTestcase" name="loginTest" time="6.926"/>
  <testcase classname="com.qa.testcases.LoginTestcase" name="registerTest" time="0.248"/>
</testsuite> <!-- Test -->
