<?xml version="1.0" encoding="UTF-8"?>
<testng-results ignored="0" total="2" passed="2" failed="0" skipped="0">
  <reporter-output>
  </reporter-output>
  <suite started-at="2022-09-22T09:23:50 IST" name="Default suite" finished-at="2022-09-22T09:24:16 IST" duration-ms="25934">
    <groups>
    </groups>
    <test started-at="2022-09-22T09:23:50 IST" name="Default test" finished-at="2022-09-22T09:24:16 IST" duration-ms="25934">
      <class name="com.qa.testcases.HomePageTest">
        <test-method is-config="true" signature="setUp()[pri:0, instance:com.qa.testcases.HomePageTest@7161d8d1]" started-at="2022-09-22T09:23:50 IST" name="setUp" finished-at="2022-09-22T09:24:00 IST" duration-ms="9940" status="PASS">
          <reporter-output>
          </reporter-output>
        </test-method> <!-- setUp -->
        <test-method signature="SearchboxTest()[pri:1, instance:com.qa.testcases.HomePageTest@7161d8d1]" started-at="2022-09-22T09:24:00 IST" name="SearchboxTest" description="Verifying homepage searchfield test" finished-at="2022-09-22T09:24:04 IST" duration-ms="4388" status="PASS">
          <reporter-output>
          </reporter-output>
        </test-method> <!-- SearchboxTest -->
        <test-method is-config="true" signature="tearDown()[pri:0, instance:com.qa.testcases.HomePageTest@7161d8d1]" started-at="2022-09-22T09:24:04 IST" name="tearDown" finished-at="2022-09-22T09:24:06 IST" duration-ms="1190" status="PASS">
          <reporter-output>
          </reporter-output>
        </test-method> <!-- tearDown -->
        <test-method is-config="true" signature="setUp()[pri:0, instance:com.qa.testcases.HomePageTest@7161d8d1]" started-at="2022-09-22T09:24:06 IST" name="setUp" finished-at="2022-09-22T09:24:15 IST" duration-ms="9336" status="PASS">
          <reporter-output>
          </reporter-output>
        </test-method> <!-- setUp -->
        <test-method signature="addpictureTest()[pri:2, instance:com.qa.testcases.HomePageTest@7161d8d1]" started-at="2022-09-22T09:24:15 IST" name="addpictureTest" description="Verifying add picture feature in homepage" finished-at="2022-09-22T09:24:15 IST" duration-ms="36" status="PASS">
          <reporter-output>
          </reporter-output>
        </test-method> <!-- addpictureTest -->
        <test-method is-config="true" signature="tearDown()[pri:0, instance:com.qa.testcases.HomePageTest@7161d8d1]" started-at="2022-09-22T09:24:15 IST" name="tearDown" finished-at="2022-09-22T09:24:16 IST" duration-ms="855" status="PASS">
          <reporter-output>
          </reporter-output>
        </test-method> <!-- tearDown -->
      </class> <!-- com.qa.testcases.HomePageTest -->
    </test> <!-- Default test -->
  </suite> <!-- Default suite -->
</testng-results>
