<?xml version="1.0" encoding="UTF-8"?>
<testng-results ignored="0" total="14" passed="14" failed="0" skipped="0">
  <reporter-output>
  </reporter-output>
  <suite started-at="2022-09-23T12:12:46 IST" name="Facebook POM framework" finished-at="2022-09-23T12:14:40 IST" duration-ms="114079">
    <groups>
    </groups>
    <test started-at="2022-09-23T12:12:46 IST" name="Facebook App Testcases" finished-at="2022-09-23T12:14:40 IST" duration-ms="114079">
      <class name="com.qa.testcases.HomePageTest">
        <test-method is-config="true" signature="setUp()[pri:0, instance:com.qa.testcases.HomePageTest@7188af83]" started-at="2022-09-23T12:13:53 IST" name="setUp" finished-at="2022-09-23T12:14:02 IST" duration-ms="9540" status="PASS">
          <reporter-output>
          </reporter-output>
        </test-method> <!-- setUp -->
        <test-method signature="SearchboxTest()[pri:1, instance:com.qa.testcases.HomePageTest@7188af83]" started-at="2022-09-23T12:14:02 IST" name="SearchboxTest" description="Verifying homepage searchfield test" finished-at="2022-09-23T12:14:03 IST" duration-ms="347" status="PASS">
          <reporter-output>
          </reporter-output>
        </test-method> <!-- SearchboxTest -->
        <test-method is-config="true" signature="tearDown()[pri:0, instance:com.qa.testcases.HomePageTest@7188af83]" started-at="2022-09-23T12:14:03 IST" name="tearDown" finished-at="2022-09-23T12:14:04 IST" duration-ms="1272" status="PASS">
          <reporter-output>
          </reporter-output>
        </test-method> <!-- tearDown -->
        <test-method is-config="true" signature="setUp()[pri:0, instance:com.qa.testcases.HomePageTest@7188af83]" started-at="2022-09-23T12:14:04 IST" name="setUp" finished-at="2022-09-23T12:14:13 IST" duration-ms="8733" status="PASS">
          <reporter-output>
          </reporter-output>
        </test-method> <!-- setUp -->
        <test-method signature="addpictureTest()[pri:2, instance:com.qa.testcases.HomePageTest@7188af83]" started-at="2022-09-23T12:14:13 IST" name="addpictureTest" description="Verifying add picture feature in homepage" finished-at="2022-09-23T12:14:13 IST" duration-ms="47" status="PASS">
          <reporter-output>
          </reporter-output>
        </test-method> <!-- addpictureTest -->
        <test-method is-config="true" signature="tearDown()[pri:0, instance:com.qa.testcases.HomePageTest@7188af83]" started-at="2022-09-23T12:14:13 IST" name="tearDown" finished-at="2022-09-23T12:14:14 IST" duration-ms="1166" status="PASS">
          <reporter-output>
          </reporter-output>
        </test-method> <!-- tearDown -->
      </class> <!-- com.qa.testcases.HomePageTest -->
      <class name="com.qa.testcases.SignupTestcase">
        <test-method is-config="true" signature="setup()[pri:0, instance:com.qa.testcases.SignupTestcase@4b29d1d2]" started-at="2022-09-23T12:12:46 IST" name="setup" finished-at="2022-09-23T12:13:17 IST" duration-ms="30440" status="PASS">
          <reporter-output>
          </reporter-output>
        </test-method> <!-- setup -->
        <test-method signature="SignupPageTitleTest()[pri:1, instance:com.qa.testcases.SignupTestcase@4b29d1d2]" started-at="2022-09-23T12:13:17 IST" name="SignupPageTitleTest" finished-at="2022-09-23T12:13:17 IST" duration-ms="81" status="PASS">
          <reporter-output>
          </reporter-output>
        </test-method> <!-- SignupPageTitleTest -->
        <test-method is-config="true" signature="tearDown()[pri:0, instance:com.qa.testcases.SignupTestcase@4b29d1d2]" started-at="2022-09-23T12:13:17 IST" name="tearDown" finished-at="2022-09-23T12:13:18 IST" duration-ms="1091" status="PASS">
          <reporter-output>
          </reporter-output>
        </test-method> <!-- tearDown -->
        <test-method is-config="true" signature="setup()[pri:0, instance:com.qa.testcases.SignupTestcase@4b29d1d2]" started-at="2022-09-23T12:13:18 IST" name="setup" finished-at="2022-09-23T12:13:23 IST" duration-ms="5525" status="PASS">
          <reporter-output>
          </reporter-output>
        </test-method> <!-- setup -->
        <test-method signature="FirstnameTest()[pri:2, instance:com.qa.testcases.SignupTestcase@4b29d1d2]" started-at="2022-09-23T12:13:23 IST" name="FirstnameTest" finished-at="2022-09-23T12:13:24 IST" duration-ms="102" status="PASS">
          <reporter-output>
          </reporter-output>
        </test-method> <!-- FirstnameTest -->
        <test-method is-config="true" signature="tearDown()[pri:0, instance:com.qa.testcases.SignupTestcase@4b29d1d2]" started-at="2022-09-23T12:13:24 IST" name="tearDown" finished-at="2022-09-23T12:13:25 IST" duration-ms="948" status="PASS">
          <reporter-output>
          </reporter-output>
        </test-method> <!-- tearDown -->
        <test-method is-config="true" signature="setup()[pri:0, instance:com.qa.testcases.SignupTestcase@4b29d1d2]" started-at="2022-09-23T12:13:25 IST" name="setup" finished-at="2022-09-23T12:13:30 IST" duration-ms="5082" status="PASS">
          <reporter-output>
          </reporter-output>
        </test-method> <!-- setup -->
        <test-method signature="LastnameTest()[pri:3, instance:com.qa.testcases.SignupTestcase@4b29d1d2]" started-at="2022-09-23T12:13:30 IST" name="LastnameTest" finished-at="2022-09-23T12:13:30 IST" duration-ms="55" status="PASS">
          <reporter-output>
          </reporter-output>
        </test-method> <!-- LastnameTest -->
        <test-method is-config="true" signature="tearDown()[pri:0, instance:com.qa.testcases.SignupTestcase@4b29d1d2]" started-at="2022-09-23T12:13:30 IST" name="tearDown" finished-at="2022-09-23T12:13:31 IST" duration-ms="851" status="PASS">
          <reporter-output>
          </reporter-output>
        </test-method> <!-- tearDown -->
        <test-method is-config="true" signature="setup()[pri:0, instance:com.qa.testcases.SignupTestcase@4b29d1d2]" started-at="2022-09-23T12:13:31 IST" name="setup" finished-at="2022-09-23T12:13:35 IST" duration-ms="4502" status="PASS">
          <reporter-output>
          </reporter-output>
        </test-method> <!-- setup -->
        <test-method signature="EmailTest()[pri:4, instance:com.qa.testcases.SignupTestcase@4b29d1d2]" started-at="2022-09-23T12:13:35 IST" name="EmailTest" finished-at="2022-09-23T12:13:35 IST" duration-ms="52" status="PASS">
          <reporter-output>
          </reporter-output>
        </test-method> <!-- EmailTest -->
        <test-method is-config="true" signature="tearDown()[pri:0, instance:com.qa.testcases.SignupTestcase@4b29d1d2]" started-at="2022-09-23T12:13:35 IST" name="tearDown" finished-at="2022-09-23T12:13:36 IST" duration-ms="939" status="PASS">
          <reporter-output>
          </reporter-output>
        </test-method> <!-- tearDown -->
        <test-method is-config="true" signature="setup()[pri:0, instance:com.qa.testcases.SignupTestcase@4b29d1d2]" started-at="2022-09-23T12:13:36 IST" name="setup" finished-at="2022-09-23T12:13:40 IST" duration-ms="4167" status="PASS">
          <reporter-output>
          </reporter-output>
        </test-method> <!-- setup -->
        <test-method signature="PasswordTest()[pri:5, instance:com.qa.testcases.SignupTestcase@4b29d1d2]" started-at="2022-09-23T12:13:40 IST" name="PasswordTest" finished-at="2022-09-23T12:13:40 IST" duration-ms="45" status="PASS">
          <reporter-output>
          </reporter-output>
        </test-method> <!-- PasswordTest -->
        <test-method is-config="true" signature="tearDown()[pri:0, instance:com.qa.testcases.SignupTestcase@4b29d1d2]" started-at="2022-09-23T12:13:40 IST" name="tearDown" finished-at="2022-09-23T12:13:41 IST" duration-ms="808" status="PASS">
          <reporter-output>
          </reporter-output>
        </test-method> <!-- tearDown -->
        <test-method is-config="true" signature="setup()[pri:0, instance:com.qa.testcases.SignupTestcase@4b29d1d2]" started-at="2022-09-23T12:13:41 IST" name="setup" finished-at="2022-09-23T12:13:45 IST" duration-ms="4387" status="PASS">
          <reporter-output>
          </reporter-output>
        </test-method> <!-- setup -->
        <test-method signature="SignupbuttonTest()[pri:6, instance:com.qa.testcases.SignupTestcase@4b29d1d2]" started-at="2022-09-23T12:13:45 IST" name="SignupbuttonTest" finished-at="2022-09-23T12:13:45 IST" duration-ms="43" status="PASS">
          <reporter-output>
          </reporter-output>
        </test-method> <!-- SignupbuttonTest -->
        <test-method is-config="true" signature="tearDown()[pri:0, instance:com.qa.testcases.SignupTestcase@4b29d1d2]" started-at="2022-09-23T12:13:45 IST" name="tearDown" finished-at="2022-09-23T12:13:46 IST" duration-ms="906" status="PASS">
          <reporter-output>
          </reporter-output>
        </test-method> <!-- tearDown -->
        <test-method is-config="true" signature="setup()[pri:0, instance:com.qa.testcases.SignupTestcase@4b29d1d2]" started-at="2022-09-23T12:13:46 IST" name="setup" finished-at="2022-09-23T12:13:52 IST" duration-ms="5234" status="PASS">
          <reporter-output>
          </reporter-output>
        </test-method> <!-- setup -->
        <test-method signature="LoginpageTest()[pri:7, instance:com.qa.testcases.SignupTestcase@4b29d1d2]" started-at="2022-09-23T12:13:52 IST" name="LoginpageTest" finished-at="2022-09-23T12:13:52 IST" duration-ms="279" status="PASS">
          <reporter-output>
          </reporter-output>
        </test-method> <!-- LoginpageTest -->
        <test-method is-config="true" signature="tearDown()[pri:0, instance:com.qa.testcases.SignupTestcase@4b29d1d2]" started-at="2022-09-23T12:13:52 IST" name="tearDown" finished-at="2022-09-23T12:13:53 IST" duration-ms="825" status="PASS">
          <reporter-output>
          </reporter-output>
        </test-method> <!-- tearDown -->
      </class> <!-- com.qa.testcases.SignupTestcase -->
      <class name="com.qa.testcases.LoginTestcase">
        <test-method is-config="true" signature="setup()[pri:0, instance:com.qa.testcases.LoginTestcase@6be968ce]" started-at="2022-09-23T12:14:14 IST" name="setup" finished-at="2022-09-23T12:14:17 IST" duration-ms="3086" status="PASS">
          <reporter-output>
          </reporter-output>
        </test-method> <!-- setup -->
        <test-method signature="loginPageTitleTest()[pri:1, instance:com.qa.testcases.LoginTestcase@6be968ce]" started-at="2022-09-23T12:14:17 IST" name="loginPageTitleTest" finished-at="2022-09-23T12:14:17 IST" duration-ms="13" status="PASS">
          <reporter-output>
          </reporter-output>
        </test-method> <!-- loginPageTitleTest -->
        <test-method is-config="true" signature="tearDown()[pri:0, instance:com.qa.testcases.LoginTestcase@6be968ce]" started-at="2022-09-23T12:14:17 IST" name="tearDown" finished-at="2022-09-23T12:14:18 IST" duration-ms="1003" status="PASS">
          <reporter-output>
          </reporter-output>
        </test-method> <!-- tearDown -->
        <test-method is-config="true" signature="setup()[pri:0, instance:com.qa.testcases.LoginTestcase@6be968ce]" started-at="2022-09-23T12:14:18 IST" name="setup" finished-at="2022-09-23T12:14:21 IST" duration-ms="3068" status="PASS">
          <reporter-output>
          </reporter-output>
        </test-method> <!-- setup -->
        <test-method signature="FBLogoTest()[pri:2, instance:com.qa.testcases.LoginTestcase@6be968ce]" started-at="2022-09-23T12:14:21 IST" name="FBLogoTest" finished-at="2022-09-23T12:14:21 IST" duration-ms="41" status="PASS">
          <reporter-output>
          </reporter-output>
        </test-method> <!-- FBLogoTest -->
        <test-method is-config="true" signature="tearDown()[pri:0, instance:com.qa.testcases.LoginTestcase@6be968ce]" started-at="2022-09-23T12:14:21 IST" name="tearDown" finished-at="2022-09-23T12:14:22 IST" duration-ms="943" status="PASS">
          <reporter-output>
          </reporter-output>
        </test-method> <!-- tearDown -->
        <test-method is-config="true" signature="setup()[pri:0, instance:com.qa.testcases.LoginTestcase@6be968ce]" started-at="2022-09-23T12:14:22 IST" name="setup" finished-at="2022-09-23T12:14:27 IST" duration-ms="5024" status="PASS">
          <reporter-output>
          </reporter-output>
        </test-method> <!-- setup -->
        <test-method signature="FBemailTest()[pri:3, instance:com.qa.testcases.LoginTestcase@6be968ce]" started-at="2022-09-23T12:14:27 IST" name="FBemailTest" finished-at="2022-09-23T12:14:27 IST" duration-ms="34" status="PASS">
          <reporter-output>
          </reporter-output>
        </test-method> <!-- FBemailTest -->
        <test-method is-config="true" signature="tearDown()[pri:0, instance:com.qa.testcases.LoginTestcase@6be968ce]" started-at="2022-09-23T12:14:27 IST" name="tearDown" finished-at="2022-09-23T12:14:28 IST" duration-ms="783" status="PASS">
          <reporter-output>
          </reporter-output>
        </test-method> <!-- tearDown -->
        <test-method is-config="true" signature="setup()[pri:0, instance:com.qa.testcases.LoginTestcase@6be968ce]" started-at="2022-09-23T12:14:28 IST" name="setup" finished-at="2022-09-23T12:14:31 IST" duration-ms="3262" status="PASS">
          <reporter-output>
          </reporter-output>
        </test-method> <!-- setup -->
        <test-method signature="loginTest()[pri:4, instance:com.qa.testcases.LoginTestcase@6be968ce]" started-at="2022-09-23T12:14:31 IST" name="loginTest" finished-at="2022-09-23T12:14:35 IST" duration-ms="3614" status="PASS">
          <reporter-output>
          </reporter-output>
        </test-method> <!-- loginTest -->
        <test-method is-config="true" signature="tearDown()[pri:0, instance:com.qa.testcases.LoginTestcase@6be968ce]" started-at="2022-09-23T12:14:35 IST" name="tearDown" finished-at="2022-09-23T12:14:36 IST" duration-ms="964" status="PASS">
          <reporter-output>
          </reporter-output>
        </test-method> <!-- tearDown -->
        <test-method is-config="true" signature="setup()[pri:0, instance:com.qa.testcases.LoginTestcase@6be968ce]" started-at="2022-09-23T12:14:36 IST" name="setup" finished-at="2022-09-23T12:14:39 IST" duration-ms="3280" status="PASS">
          <reporter-output>
          </reporter-output>
        </test-method> <!-- setup -->
        <test-method signature="registerTest()[pri:5, instance:com.qa.testcases.LoginTestcase@6be968ce]" started-at="2022-09-23T12:14:39 IST" name="registerTest" finished-at="2022-09-23T12:14:39 IST" duration-ms="269" status="PASS">
          <reporter-output>
          </reporter-output>
        </test-method> <!-- registerTest -->
        <test-method is-config="true" signature="tearDown()[pri:0, instance:com.qa.testcases.LoginTestcase@6be968ce]" started-at="2022-09-23T12:14:39 IST" name="tearDown" finished-at="2022-09-23T12:14:40 IST" duration-ms="881" status="PASS">
          <reporter-output>
          </reporter-output>
        </test-method> <!-- tearDown -->
      </class> <!-- com.qa.testcases.LoginTestcase -->
    </test> <!-- Facebook App Testcases -->
  </suite> <!-- Facebook POM framework -->
</testng-results>
